#! /opt/homebrew/Cellar/icarus-verilog/12.0/bin/vvp
:ivl_version "12.0 (stable)";
:ivl_delay_selection "TYPICAL";
:vpi_time_precision - 12;
:vpi_module "/opt/homebrew/Cellar/icarus-verilog/12.0/lib/ivl/system.vpi";
:vpi_module "/opt/homebrew/Cellar/icarus-verilog/12.0/lib/ivl/vhdl_sys.vpi";
:vpi_module "/opt/homebrew/Cellar/icarus-verilog/12.0/lib/ivl/vhdl_textio.vpi";
:vpi_module "/opt/homebrew/Cellar/icarus-verilog/12.0/lib/ivl/v2005_math.vpi";
:vpi_module "/opt/homebrew/Cellar/icarus-verilog/12.0/lib/ivl/va_math.vpi";
S_0x13d70b280 .scope module, "alu_5bit_tb" "alu_5bit_tb" 2 3;
 .timescale -9 -12;
v0x13d71b820_0 .var "a", 4 0;
v0x13d71b8d0_0 .var "b", 4 0;
v0x13d71b980_0 .var "s", 3 0;
v0x13d71ba50_0 .net "y", 4 0, v0x13d71b710_0;  1 drivers
S_0x13d70b3f0 .scope module, "uut" "alu_5bit" 2 9, 3 1 0, S_0x13d70b280;
 .timescale 0 0;
    .port_info 0 /INPUT 5 "a";
    .port_info 1 /INPUT 5 "b";
    .port_info 2 /INPUT 4 "s";
    .port_info 3 /OUTPUT 5 "y";
v0x13d70b610_0 .net "a", 4 0, v0x13d71b820_0;  1 drivers
v0x13d71b5a0_0 .net "b", 4 0, v0x13d71b8d0_0;  1 drivers
v0x13d71b650_0 .net "s", 3 0, v0x13d71b980_0;  1 drivers
v0x13d71b710_0 .var "y", 4 0;
E_0x13d70b050 .event anyedge, v0x13d71b650_0, v0x13d70b610_0, v0x13d71b5a0_0;
    .scope S_0x13d70b3f0;
T_0 ;
    %wait E_0x13d70b050;
    %load/vec4 v0x13d71b650_0;
    %dup/vec4;
    %pushi/vec4 0, 0, 4;
    %cmp/u;
    %jmp/1 T_0.0, 6;
    %dup/vec4;
    %pushi/vec4 1, 0, 4;
    %cmp/u;
    %jmp/1 T_0.1, 6;
    %dup/vec4;
    %pushi/vec4 2, 0, 4;
    %cmp/u;
    %jmp/1 T_0.2, 6;
    %dup/vec4;
    %pushi/vec4 3, 0, 4;
    %cmp/u;
    %jmp/1 T_0.3, 6;
    %dup/vec4;
    %pushi/vec4 4, 0, 4;
    %cmp/u;
    %jmp/1 T_0.4, 6;
    %dup/vec4;
    %pushi/vec4 5, 0, 4;
    %cmp/u;
    %jmp/1 T_0.5, 6;
    %dup/vec4;
    %pushi/vec4 6, 0, 4;
    %cmp/u;
    %jmp/1 T_0.6, 6;
    %dup/vec4;
    %pushi/vec4 7, 0, 4;
    %cmp/u;
    %jmp/1 T_0.7, 6;
    %dup/vec4;
    %pushi/vec4 8, 0, 4;
    %cmp/u;
    %jmp/1 T_0.8, 6;
    %dup/vec4;
    %pushi/vec4 9, 0, 4;
    %cmp/u;
    %jmp/1 T_0.9, 6;
    %dup/vec4;
    %pushi/vec4 10, 0, 4;
    %cmp/u;
    %jmp/1 T_0.10, 6;
    %dup/vec4;
    %pushi/vec4 11, 0, 4;
    %cmp/u;
    %jmp/1 T_0.11, 6;
    %dup/vec4;
    %pushi/vec4 12, 0, 4;
    %cmp/u;
    %jmp/1 T_0.12, 6;
    %dup/vec4;
    %pushi/vec4 13, 0, 4;
    %cmp/u;
    %jmp/1 T_0.13, 6;
    %dup/vec4;
    %pushi/vec4 14, 0, 4;
    %cmp/u;
    %jmp/1 T_0.14, 6;
    %dup/vec4;
    %pushi/vec4 15, 0, 4;
    %cmp/u;
    %jmp/1 T_0.15, 6;
    %pushi/vec4 0, 0, 5;
    %store/vec4 v0x13d71b710_0, 0, 5;
    %jmp T_0.17;
T_0.0 ;
    %load/vec4 v0x13d70b610_0;
    %load/vec4 v0x13d71b5a0_0;
    %add;
    %store/vec4 v0x13d71b710_0, 0, 5;
    %jmp T_0.17;
T_0.1 ;
    %load/vec4 v0x13d71b5a0_0;
    %ix/load 4, 1, 0;
    %flag_set/imm 4, 0;
    %shiftr 4;
    %load/vec4 v0x13d70b610_0;
    %add;
    %store/vec4 v0x13d71b710_0, 0, 5;
    %jmp T_0.17;
T_0.2 ;
    %load/vec4 v0x13d70b610_0;
    %load/vec4 v0x13d71b5a0_0;
    %and;
    %store/vec4 v0x13d71b710_0, 0, 5;
    %jmp T_0.17;
T_0.3 ;
    %load/vec4 v0x13d71b5a0_0;
    %inv;
    %store/vec4 v0x13d71b710_0, 0, 5;
    %jmp T_0.17;
T_0.4 ;
    %load/vec4 v0x13d70b610_0;
    %load/vec4 v0x13d71b5a0_0;
    %xor;
    %store/vec4 v0x13d71b710_0, 0, 5;
    %jmp T_0.17;
T_0.5 ;
    %load/vec4 v0x13d70b610_0;
    %load/vec4 v0x13d71b5a0_0;
    %cmp/e;
    %flag_get/vec4 4;
    %pad/u 5;
    %store/vec4 v0x13d71b710_0, 0, 5;
    %jmp T_0.17;
T_0.6 ;
    %load/vec4 v0x13d70b610_0;
    %load/vec4 v0x13d71b5a0_0;
    %xnor;
    %store/vec4 v0x13d71b710_0, 0, 5;
    %jmp T_0.17;
T_0.7 ;
    %load/vec4 v0x13d71b5a0_0;
    %ix/load 4, 1, 0;
    %flag_set/imm 4, 0;
    %shiftl 4;
    %store/vec4 v0x13d71b710_0, 0, 5;
    %jmp T_0.17;
T_0.8 ;
    %load/vec4 v0x13d70b610_0;
    %load/vec4 v0x13d71b5a0_0;
    %xor;
    %store/vec4 v0x13d71b710_0, 0, 5;
    %jmp T_0.17;
T_0.9 ;
    %load/vec4 v0x13d71b5a0_0;
    %load/vec4 v0x13d70b610_0;
    %sub;
    %store/vec4 v0x13d71b710_0, 0, 5;
    %jmp T_0.17;
T_0.10 ;
    %load/vec4 v0x13d70b610_0;
    %inv;
    %store/vec4 v0x13d71b710_0, 0, 5;
    %jmp T_0.17;
T_0.11 ;
    %load/vec4 v0x13d70b610_0;
    %load/vec4 v0x13d71b5a0_0;
    %or;
    %store/vec4 v0x13d71b710_0, 0, 5;
    %jmp T_0.17;
T_0.12 ;
    %load/vec4 v0x13d70b610_0;
    %load/vec4 v0x13d71b5a0_0;
    %cmp/u;
    %flag_get/vec4 5;
    %pad/u 5;
    %store/vec4 v0x13d71b710_0, 0, 5;
    %jmp T_0.17;
T_0.13 ;
    %load/vec4 v0x13d71b5a0_0;
    %store/vec4 v0x13d71b710_0, 0, 5;
    %jmp T_0.17;
T_0.14 ;
    %load/vec4 v0x13d70b610_0;
    %ix/load 4, 1, 0;
    %flag_set/imm 4, 0;
    %shiftr 4;
    %store/vec4 v0x13d71b710_0, 0, 5;
    %jmp T_0.17;
T_0.15 ;
    %load/vec4 v0x13d71b5a0_0;
    %load/vec4 v0x13d70b610_0;
    %cmp/u;
    %flag_get/vec4 5;
    %pad/u 5;
    %store/vec4 v0x13d71b710_0, 0, 5;
    %jmp T_0.17;
T_0.17 ;
    %pop/vec4 1;
    %jmp T_0;
    .thread T_0, $push;
    .scope S_0x13d70b280;
T_1 ;
    %vpi_call 2 17 "$dumpfile", "62100186_kadai2.vcd" {0 0 0};
    %vpi_call 2 18 "$dumpvars", 32'sb00000000000000000000000000000000, S_0x13d70b280 {0 0 0};
    %pushi/vec4 7, 0, 5;
    %store/vec4 v0x13d71b820_0, 0, 5;
    %pushi/vec4 3, 0, 5;
    %store/vec4 v0x13d71b8d0_0, 0, 5;
    %pushi/vec4 0, 0, 4;
    %store/vec4 v0x13d71b980_0, 0, 4;
    %delay 10000, 0;
    %pushi/vec4 3, 0, 5;
    %store/vec4 v0x13d71b820_0, 0, 5;
    %pushi/vec4 8, 0, 5;
    %store/vec4 v0x13d71b8d0_0, 0, 5;
    %pushi/vec4 1, 0, 4;
    %store/vec4 v0x13d71b980_0, 0, 4;
    %delay 10000, 0;
    %pushi/vec4 21, 0, 5;
    %store/vec4 v0x13d71b820_0, 0, 5;
    %pushi/vec4 19, 0, 5;
    %store/vec4 v0x13d71b8d0_0, 0, 5;
    %pushi/vec4 2, 0, 4;
    %store/vec4 v0x13d71b980_0, 0, 4;
    %delay 10000, 0;
    %pushi/vec4 1, 0, 5;
    %store/vec4 v0x13d71b820_0, 0, 5;
    %pushi/vec4 12, 0, 5;
    %store/vec4 v0x13d71b8d0_0, 0, 5;
    %pushi/vec4 3, 0, 4;
    %store/vec4 v0x13d71b980_0, 0, 4;
    %delay 10000, 0;
    %pushi/vec4 18, 0, 5;
    %store/vec4 v0x13d71b820_0, 0, 5;
    %pushi/vec4 5, 0, 5;
    %store/vec4 v0x13d71b8d0_0, 0, 5;
    %pushi/vec4 4, 0, 4;
    %store/vec4 v0x13d71b980_0, 0, 4;
    %delay 10000, 0;
    %pushi/vec4 10, 0, 5;
    %store/vec4 v0x13d71b820_0, 0, 5;
    %pushi/vec4 10, 0, 5;
    %store/vec4 v0x13d71b8d0_0, 0, 5;
    %pushi/vec4 5, 0, 4;
    %store/vec4 v0x13d71b980_0, 0, 4;
    %delay 10000, 0;
    %pushi/vec4 15, 0, 5;
    %store/vec4 v0x13d71b820_0, 0, 5;
    %pushi/vec4 0, 0, 5;
    %store/vec4 v0x13d71b8d0_0, 0, 5;
    %pushi/vec4 6, 0, 4;
    %store/vec4 v0x13d71b980_0, 0, 4;
    %delay 10000, 0;
    %pushi/vec4 0, 0, 5;
    %store/vec4 v0x13d71b820_0, 0, 5;
    %pushi/vec4 4, 0, 5;
    %store/vec4 v0x13d71b8d0_0, 0, 5;
    %pushi/vec4 7, 0, 4;
    %store/vec4 v0x13d71b980_0, 0, 4;
    %delay 10000, 0;
    %pushi/vec4 25, 0, 5;
    %store/vec4 v0x13d71b820_0, 0, 5;
    %pushi/vec4 21, 0, 5;
    %store/vec4 v0x13d71b8d0_0, 0, 5;
    %pushi/vec4 8, 0, 4;
    %store/vec4 v0x13d71b980_0, 0, 4;
    %delay 10000, 0;
    %pushi/vec4 5, 0, 5;
    %store/vec4 v0x13d71b820_0, 0, 5;
    %pushi/vec4 12, 0, 5;
    %store/vec4 v0x13d71b8d0_0, 0, 5;
    %pushi/vec4 9, 0, 4;
    %store/vec4 v0x13d71b980_0, 0, 4;
    %delay 10000, 0;
    %pushi/vec4 6, 0, 5;
    %store/vec4 v0x13d71b820_0, 0, 5;
    %pushi/vec4 0, 0, 5;
    %store/vec4 v0x13d71b8d0_0, 0, 5;
    %pushi/vec4 10, 0, 4;
    %store/vec4 v0x13d71b980_0, 0, 4;
    %delay 10000, 0;
    %pushi/vec4 9, 0, 5;
    %store/vec4 v0x13d71b820_0, 0, 5;
    %pushi/vec4 0, 0, 5;
    %store/vec4 v0x13d71b8d0_0, 0, 5;
    %pushi/vec4 11, 0, 4;
    %store/vec4 v0x13d71b980_0, 0, 4;
    %delay 10000, 0;
    %pushi/vec4 25, 0, 5;
    %store/vec4 v0x13d71b820_0, 0, 5;
    %pushi/vec4 10, 0, 5;
    %store/vec4 v0x13d71b8d0_0, 0, 5;
    %pushi/vec4 12, 0, 4;
    %store/vec4 v0x13d71b980_0, 0, 4;
    %delay 10000, 0;
    %pushi/vec4 0, 0, 5;
    %store/vec4 v0x13d71b820_0, 0, 5;
    %pushi/vec4 21, 0, 5;
    %store/vec4 v0x13d71b8d0_0, 0, 5;
    %pushi/vec4 13, 0, 4;
    %store/vec4 v0x13d71b980_0, 0, 4;
    %delay 10000, 0;
    %pushi/vec4 22, 0, 5;
    %store/vec4 v0x13d71b820_0, 0, 5;
    %pushi/vec4 0, 0, 5;
    %store/vec4 v0x13d71b8d0_0, 0, 5;
    %pushi/vec4 14, 0, 4;
    %store/vec4 v0x13d71b980_0, 0, 4;
    %delay 10000, 0;
    %pushi/vec4 18, 0, 5;
    %store/vec4 v0x13d71b820_0, 0, 5;
    %pushi/vec4 13, 0, 5;
    %store/vec4 v0x13d71b8d0_0, 0, 5;
    %pushi/vec4 15, 0, 4;
    %store/vec4 v0x13d71b980_0, 0, 4;
    %delay 10000, 0;
    %vpi_call 2 37 "$finish" {0 0 0};
    %end;
    .thread T_1;
# The file index is used to find the file name in the following table.
:file_names 4;
    "N/A";
    "<interactive>";
    "62100186_kadai2_tb.v";
    "62100186_kadai2.v";
