#! /opt/homebrew/Cellar/icarus-verilog/12.0/bin/vvp
:ivl_version "12.0 (stable)";
:ivl_delay_selection "TYPICAL";
:vpi_time_precision - 12;
:vpi_module "/opt/homebrew/Cellar/icarus-verilog/12.0/lib/ivl/system.vpi";
:vpi_module "/opt/homebrew/Cellar/icarus-verilog/12.0/lib/ivl/vhdl_sys.vpi";
:vpi_module "/opt/homebrew/Cellar/icarus-verilog/12.0/lib/ivl/vhdl_textio.vpi";
:vpi_module "/opt/homebrew/Cellar/icarus-verilog/12.0/lib/ivl/v2005_math.vpi";
:vpi_module "/opt/homebrew/Cellar/icarus-verilog/12.0/lib/ivl/va_math.vpi";
S_0x12d004910 .scope module, "comp_tb" "comp_tb" 2 3;
 .timescale -9 -12;
v0x12d01bcb0_0 .var "a", 3 0;
v0x12d01bd60_0 .net "a_eq_b", 0 0, L_0x12d01c1a0;  1 drivers
v0x12d01bdf0_0 .net "a_gt_b", 0 0, L_0x12d01c040;  1 drivers
v0x12d01bec0_0 .net "a_lt_b", 0 0, L_0x12d01c280;  1 drivers
v0x12d01bf70_0 .var "b", 3 0;
S_0x12d004a80 .scope module, "uut" "comparator" 2 8, 3 1 0, S_0x12d004910;
 .timescale 0 0;
    .port_info 0 /INPUT 4 "a";
    .port_info 1 /INPUT 4 "b";
    .port_info 2 /OUTPUT 1 "a_gt_b";
    .port_info 3 /OUTPUT 1 "a_eq_b";
    .port_info 4 /OUTPUT 1 "a_lt_b";
v0x12d00abc0_0 .net "a", 3 0, v0x12d01bcb0_0;  1 drivers
v0x12d01b970_0 .net "a_eq_b", 0 0, L_0x12d01c1a0;  alias, 1 drivers
v0x12d01ba10_0 .net "a_gt_b", 0 0, L_0x12d01c040;  alias, 1 drivers
v0x12d01baa0_0 .net "a_lt_b", 0 0, L_0x12d01c280;  alias, 1 drivers
v0x12d01bb40_0 .net "b", 3 0, v0x12d01bf70_0;  1 drivers
L_0x12d01c040 .cmp/gt 4, v0x12d01bcb0_0, v0x12d01bf70_0;
L_0x12d01c1a0 .cmp/eq 4, v0x12d01bcb0_0, v0x12d01bf70_0;
L_0x12d01c280 .cmp/gt 4, v0x12d01bf70_0, v0x12d01bcb0_0;
    .scope S_0x12d004910;
T_0 ;
    %vpi_call 2 17 "$dumpfile", "62100186_kadai0.vcd" {0 0 0};
    %vpi_call 2 18 "$dumpvars", 32'sb00000000000000000000000000000000, S_0x12d004910 {0 0 0};
    %pushi/vec4 3, 0, 4;
    %store/vec4 v0x12d01bcb0_0, 0, 4;
    %pushi/vec4 5, 0, 4;
    %store/vec4 v0x12d01bf70_0, 0, 4;
    %delay 10000, 0;
    %pushi/vec4 8, 0, 4;
    %store/vec4 v0x12d01bcb0_0, 0, 4;
    %pushi/vec4 2, 0, 4;
    %store/vec4 v0x12d01bf70_0, 0, 4;
    %delay 10000, 0;
    %pushi/vec4 7, 0, 4;
    %store/vec4 v0x12d01bcb0_0, 0, 4;
    %pushi/vec4 7, 0, 4;
    %store/vec4 v0x12d01bf70_0, 0, 4;
    %delay 10000, 0;
    %pushi/vec4 15, 0, 4;
    %store/vec4 v0x12d01bcb0_0, 0, 4;
    %pushi/vec4 14, 0, 4;
    %store/vec4 v0x12d01bf70_0, 0, 4;
    %delay 10000, 0;
    %pushi/vec4 0, 0, 4;
    %store/vec4 v0x12d01bcb0_0, 0, 4;
    %pushi/vec4 1, 0, 4;
    %store/vec4 v0x12d01bf70_0, 0, 4;
    %delay 10000, 0;
    %pushi/vec4 9, 0, 4;
    %store/vec4 v0x12d01bcb0_0, 0, 4;
    %pushi/vec4 9, 0, 4;
    %store/vec4 v0x12d01bf70_0, 0, 4;
    %delay 10000, 0;
    %vpi_call 2 27 "$finish" {0 0 0};
    %end;
    .thread T_0;
# The file index is used to find the file name in the following table.
:file_names 4;
    "N/A";
    "<interactive>";
    "tb0.v";
    "62100186_kadai0.v";
