#! /opt/homebrew/Cellar/icarus-verilog/12.0/bin/vvp
:ivl_version "12.0 (stable)";
:ivl_delay_selection "TYPICAL";
:vpi_time_precision - 12;
:vpi_module "/opt/homebrew/Cellar/icarus-verilog/12.0/lib/ivl/system.vpi";
:vpi_module "/opt/homebrew/Cellar/icarus-verilog/12.0/lib/ivl/vhdl_sys.vpi";
:vpi_module "/opt/homebrew/Cellar/icarus-verilog/12.0/lib/ivl/vhdl_textio.vpi";
:vpi_module "/opt/homebrew/Cellar/icarus-verilog/12.0/lib/ivl/v2005_math.vpi";
:vpi_module "/opt/homebrew/Cellar/icarus-verilog/12.0/lib/ivl/va_math.vpi";
S_0x155706be0 .scope module, "alu_4bit_tb" "alu_4bit_tb" 2 3;
 .timescale -9 -12;
v0x15571f620_0 .var "a", 3 0;
v0x15571f6d0_0 .var "b", 3 0;
v0x15571f780_0 .var "s", 2 0;
v0x15571f850_0 .net "y", 3 0, v0x15571f510_0;  1 drivers
S_0x15570f440 .scope module, "uut" "alu_4bit" 2 10, 3 1 0, S_0x155706be0;
 .timescale 0 0;
    .port_info 0 /INPUT 4 "a";
    .port_info 1 /INPUT 4 "b";
    .port_info 2 /INPUT 3 "s";
    .port_info 3 /OUTPUT 4 "y";
v0x155706d50_0 .net "a", 3 0, v0x15571f620_0;  1 drivers
v0x15571f3a0_0 .net "b", 3 0, v0x15571f6d0_0;  1 drivers
v0x15571f450_0 .net "s", 2 0, v0x15571f780_0;  1 drivers
v0x15571f510_0 .var "y", 3 0;
E_0x1557077d0 .event anyedge, v0x15571f450_0, v0x15571f3a0_0, v0x155706d50_0;
    .scope S_0x15570f440;
T_0 ;
    %wait E_0x1557077d0;
    %load/vec4 v0x15571f450_0;
    %dup/vec4;
    %pushi/vec4 0, 0, 3;
    %cmp/u;
    %jmp/1 T_0.0, 6;
    %dup/vec4;
    %pushi/vec4 1, 0, 3;
    %cmp/u;
    %jmp/1 T_0.1, 6;
    %dup/vec4;
    %pushi/vec4 2, 0, 3;
    %cmp/u;
    %jmp/1 T_0.2, 6;
    %dup/vec4;
    %pushi/vec4 3, 0, 3;
    %cmp/u;
    %jmp/1 T_0.3, 6;
    %dup/vec4;
    %pushi/vec4 4, 0, 3;
    %cmp/u;
    %jmp/1 T_0.4, 6;
    %dup/vec4;
    %pushi/vec4 5, 0, 3;
    %cmp/u;
    %jmp/1 T_0.5, 6;
    %dup/vec4;
    %pushi/vec4 6, 0, 3;
    %cmp/u;
    %jmp/1 T_0.6, 6;
    %dup/vec4;
    %pushi/vec4 7, 0, 3;
    %cmp/u;
    %jmp/1 T_0.7, 6;
    %pushi/vec4 0, 0, 4;
    %store/vec4 v0x15571f510_0, 0, 4;
    %jmp T_0.9;
T_0.0 ;
    %load/vec4 v0x15571f3a0_0;
    %store/vec4 v0x15571f510_0, 0, 4;
    %jmp T_0.9;
T_0.1 ;
    %load/vec4 v0x155706d50_0;
    %ix/load 4, 1, 0;
    %flag_set/imm 4, 0;
    %shiftl 4;
    %store/vec4 v0x15571f510_0, 0, 4;
    %jmp T_0.9;
T_0.2 ;
    %load/vec4 v0x155706d50_0;
    %load/vec4 v0x15571f3a0_0;
    %or;
    %store/vec4 v0x15571f510_0, 0, 4;
    %jmp T_0.9;
T_0.3 ;
    %load/vec4 v0x155706d50_0;
    %load/vec4 v0x15571f3a0_0;
    %sub;
    %store/vec4 v0x15571f510_0, 0, 4;
    %jmp T_0.9;
T_0.4 ;
    %load/vec4 v0x155706d50_0;
    %load/vec4 v0x15571f3a0_0;
    %xor;
    %store/vec4 v0x15571f510_0, 0, 4;
    %jmp T_0.9;
T_0.5 ;
    %load/vec4 v0x15571f3a0_0;
    %load/vec4 v0x155706d50_0;
    %cmp/u;
    %flag_get/vec4 5;
    %pad/u 4;
    %store/vec4 v0x15571f510_0, 0, 4;
    %jmp T_0.9;
T_0.6 ;
    %load/vec4 v0x155706d50_0;
    %load/vec4 v0x15571f3a0_0;
    %and;
    %store/vec4 v0x15571f510_0, 0, 4;
    %jmp T_0.9;
T_0.7 ;
    %load/vec4 v0x155706d50_0;
    %load/vec4 v0x15571f3a0_0;
    %add;
    %store/vec4 v0x15571f510_0, 0, 4;
    %jmp T_0.9;
T_0.9 ;
    %pop/vec4 1;
    %jmp T_0;
    .thread T_0, $push;
    .scope S_0x155706be0;
T_1 ;
    %vpi_call 2 18 "$dumpfile", "62100186_kadai1.vcd" {0 0 0};
    %vpi_call 2 19 "$dumpvars", 32'sb00000000000000000000000000000000, S_0x155706be0 {0 0 0};
    %pushi/vec4 0, 0, 3;
    %store/vec4 v0x15571f780_0, 0, 3;
    %pushi/vec4 0, 0, 4;
    %store/vec4 v0x15571f620_0, 0, 4;
    %pushi/vec4 0, 0, 4;
    %store/vec4 v0x15571f6d0_0, 0, 4;
    %pushi/vec4 0, 0, 3;
    %store/vec4 v0x15571f780_0, 0, 3;
    %pushi/vec4 8, 0, 4;
    %store/vec4 v0x15571f620_0, 0, 4;
    %pushi/vec4 6, 0, 4;
    %store/vec4 v0x15571f6d0_0, 0, 4;
    %delay 10000, 0;
    %pushi/vec4 1, 0, 3;
    %store/vec4 v0x15571f780_0, 0, 3;
    %pushi/vec4 6, 0, 4;
    %store/vec4 v0x15571f620_0, 0, 4;
    %pushi/vec4 10, 0, 4;
    %store/vec4 v0x15571f6d0_0, 0, 4;
    %delay 10000, 0;
    %pushi/vec4 2, 0, 3;
    %store/vec4 v0x15571f780_0, 0, 3;
    %pushi/vec4 9, 0, 4;
    %store/vec4 v0x15571f620_0, 0, 4;
    %pushi/vec4 3, 0, 4;
    %store/vec4 v0x15571f6d0_0, 0, 4;
    %delay 10000, 0;
    %pushi/vec4 3, 0, 3;
    %store/vec4 v0x15571f780_0, 0, 3;
    %pushi/vec4 12, 0, 4;
    %store/vec4 v0x15571f620_0, 0, 4;
    %pushi/vec4 7, 0, 4;
    %store/vec4 v0x15571f6d0_0, 0, 4;
    %delay 10000, 0;
    %pushi/vec4 4, 0, 3;
    %store/vec4 v0x15571f780_0, 0, 3;
    %pushi/vec4 3, 0, 4;
    %store/vec4 v0x15571f620_0, 0, 4;
    %pushi/vec4 0, 0, 4;
    %store/vec4 v0x15571f6d0_0, 0, 4;
    %delay 10000, 0;
    %pushi/vec4 5, 0, 3;
    %store/vec4 v0x15571f780_0, 0, 3;
    %pushi/vec4 10, 0, 4;
    %store/vec4 v0x15571f620_0, 0, 4;
    %pushi/vec4 15, 0, 4;
    %store/vec4 v0x15571f6d0_0, 0, 4;
    %delay 10000, 0;
    %pushi/vec4 6, 0, 3;
    %store/vec4 v0x15571f780_0, 0, 3;
    %pushi/vec4 12, 0, 4;
    %store/vec4 v0x15571f620_0, 0, 4;
    %pushi/vec4 6, 0, 4;
    %store/vec4 v0x15571f6d0_0, 0, 4;
    %delay 10000, 0;
    %pushi/vec4 7, 0, 3;
    %store/vec4 v0x15571f780_0, 0, 3;
    %pushi/vec4 7, 0, 4;
    %store/vec4 v0x15571f620_0, 0, 4;
    %pushi/vec4 2, 0, 4;
    %store/vec4 v0x15571f6d0_0, 0, 4;
    %delay 10000, 0;
    %vpi_call 2 32 "$finish" {0 0 0};
    %end;
    .thread T_1;
# The file index is used to find the file name in the following table.
:file_names 4;
    "N/A";
    "<interactive>";
    "tb1.v";
    "62100186_kadai1.v";
